app/build/intermediates/manifest_merge_blame_file/debug/manifest-merger-blame-debug-report.txt
1<?xml version="1.0" encoding="utf-8"?>
2<manifest xmlns:android="http://schemas.android.com/apk/res/android"
3    package="com.blankspace.algovis"
4    android:versionCode="1"
5    android:versionName="1.0" >
6
7    <uses-sdk
8        android:minSdkVersion="21"
8-->src/main/AndroidManifest.xml
9        android:targetSdkVersion="31" />
9-->src/main/AndroidManifest.xml
10
11    <application
11-->src/main/AndroidManifest.xml:6:5-35:19
12        android:allowBackup="true"
12-->src/main/AndroidManifest.xml:7:9-35
13        android:appComponentFactory="androidx.core.app.CoreComponentFactory"
13-->[androidx.core:core:1.7.0] AndroidManifest.xml:24:18-86
14        android:debuggable="true"
15        android:icon="@mipmap/ic_launcher"
15-->src/main/AndroidManifest.xml:8:9-43
16        android:label="@string/app_name"
16-->src/main/AndroidManifest.xml:9:9-41
17        android:roundIcon="@mipmap/ic_launcher_round"
17-->src/main/AndroidManifest.xml:10:9-54
18        android:supportsRtl="true"
18-->src/main/AndroidManifest.xml:11:9-35
19        android:testOnly="true"
20        android:theme="@style/Theme.AlgoVis" >
20-->src/main/AndroidManifest.xml:12:9-45
21        <activity
21-->src/main/AndroidManifest.xml:13:9-18:45
22            android:name="com.blankspace.algovis.InsertionSort.InsertionSortActivity"
22-->src/main/AndroidManifest.xml:14:13-64
23            android:exported="false"
23-->src/main/AndroidManifest.xml:15:13-37
24            android:label="@string/title_activity_insertion_sort"
24-->src/main/AndroidManifest.xml:16:13-66
25            android:theme="@style/Theme.AlgoVis" />
25-->src/main/AndroidManifest.xml:17:13-49
26        <activity
26-->src/main/AndroidManifest.xml:19:9-23:52
27            android:name="com.blankspace.algovis.BubbleSort.BubbleSortActivity"
27-->src/main/AndroidManifest.xml:20:13-58
28            android:exported="false"
28-->src/main/AndroidManifest.xml:21:13-37
29            android:label="@string/title_activity_bubble_sort"
29-->src/main/AndroidManifest.xml:22:13-63
30            android:theme="@style/Theme.AlgoVis" />
30-->src/main/AndroidManifest.xml:23:13-49
31        <activity
31-->src/main/AndroidManifest.xml:24:9-34:20
32            android:name="com.blankspace.algovis.MainActivity"
32-->src/main/AndroidManifest.xml:25:13-63
33            android:exported="true"
33-->src/main/AndroidManifest.xml:26:13-36
34            android:label="@string/app_name"
34-->src/main/AndroidManifest.xml:27:13-45
35            android:theme="@style/Theme.AlgoVis" >
35-->src/main/AndroidManifest.xml:28:13-49
36            <intent-filter>
36-->src/main/AndroidManifest.xml:29:13-33:29
37                <action android:name="android.intent.action.MAIN" />
37-->src/main/AndroidManifest.xml:30:17-69
37-->src/main/AndroidManifest.xml:30:25-66
38
39                <category android:name="android.intent.category.LAUNCHER" />
39-->src/main/AndroidManifest.xml:32:17-77
39-->src/main/AndroidManifest.xml:32:27-74
40            </intent-filter>
41        </activity>
42        <activity
42-->[androidx.compose.ui:ui-tooling:1.0.1] AndroidManifest.xml:25:9-27:39
43            android:name="androidx.compose.ui.tooling.PreviewActivity"
43-->[androidx.compose.ui:ui-tooling:1.0.1] AndroidManifest.xml:26:13-71
44            android:exported="true" />
44-->[androidx.compose.ui:ui-tooling:1.0.1] AndroidManifest.xml:27:13-36
45        <activity
45-->[androidx.compose.ui:ui-test-manifest:1.0.1] AndroidManifest.xml:25:9-27:39
46            android:name="androidx.activity.ComponentActivity"
46-->[androidx.compose.ui:ui-test-manifest:1.0.1] AndroidManifest.xml:26:13-63
47            android:exported="true" />
47-->[androidx.compose.ui:ui-test-manifest:1.0.1] AndroidManifest.xml:27:13-36
48
49        <provider
49-->[androidx.emoji2:emoji2:1.0.0] AndroidManifest.xml:26:9-34:20
50            android:name="androidx.startup.InitializationProvider"
50-->[androidx.emoji2:emoji2:1.0.0] AndroidManifest.xml:27:13-67
51            android:authorities="com.blankspace.algovis.androidx-startup"
51-->[androidx.emoji2:emoji2:1.0.0] AndroidManifest.xml:28:13-68
52            android:exported="false" >
52-->[androidx.emoji2:emoji2:1.0.0] AndroidManifest.xml:29:13-37
53            <meta-data
53-->[androidx.emoji2:emoji2:1.0.0] AndroidManifest.xml:31:13-33:52
54                android:name="androidx.emoji2.text.EmojiCompatInitializer"
54-->[androidx.emoji2:emoji2:1.0.0] AndroidManifest.xml:32:17-75
55                android:value="androidx.startup" />
55-->[androidx.emoji2:emoji2:1.0.0] AndroidManifest.xml:33:17-49
56            <meta-data
56-->[androidx.profileinstaller:profileinstaller:1.0.1] AndroidManifest.xml:31:13-33:52
57                android:name="androidx.profileinstaller.ProfileInstallerInitializer"
57-->[androidx.profileinstaller:profileinstaller:1.0.1] AndroidManifest.xml:32:17-85
58                android:value="androidx.startup" />
58-->[androidx.profileinstaller:profileinstaller:1.0.1] AndroidManifest.xml:33:17-49
59            <meta-data
59-->[androidx.lifecycle:lifecycle-process:2.4.0] AndroidManifest.xml:31:13-33:52
60                android:name="androidx.lifecycle.ProcessLifecycleInitializer"
60-->[androidx.lifecycle:lifecycle-process:2.4.0] AndroidManifest.xml:32:17-78
61                android:value="androidx.startup" />
61-->[androidx.lifecycle:lifecycle-process:2.4.0] AndroidManifest.xml:33:17-49
62        </provider>
63
64        <receiver
64-->[androidx.profileinstaller:profileinstaller:1.0.1] AndroidManifest.xml:36:9-45:20
65            android:name="androidx.profileinstaller.ProfileInstallReceiver"
65-->[androidx.profileinstaller:profileinstaller:1.0.1] AndroidManifest.xml:37:13-76
66            android:directBootAware="false"
66-->[androidx.profileinstaller:profileinstaller:1.0.1] AndroidManifest.xml:38:13-44
67            android:enabled="true"
67-->[androidx.profileinstaller:profileinstaller:1.0.1] AndroidManifest.xml:39:13-35
68            android:exported="true"
68-->[androidx.profileinstaller:profileinstaller:1.0.1] AndroidManifest.xml:40:13-36
69            android:permission="android.permission.DUMP" >
69-->[androidx.profileinstaller:profileinstaller:1.0.1] AndroidManifest.xml:41:13-57
70            <intent-filter>
70-->[androidx.profileinstaller:profileinstaller:1.0.1] AndroidManifest.xml:42:13-44:29
71                <action android:name="androidx.profileinstaller.action.INSTALL_PROFILE" />
71-->[androidx.profileinstaller:profileinstaller:1.0.1] AndroidManifest.xml:43:17-91
71-->[androidx.profileinstaller:profileinstaller:1.0.1] AndroidManifest.xml:43:25-88
72            </intent-filter>
73        </receiver>
74    </application>
75
76</manifest>